<?xml version="1.0" encoding="UTF-8"?>
<testng-results ignored="6" total="14" passed="8" failed="0" skipped="0">
  <reporter-output>
  </reporter-output>
  <suite started-at="2024-02-18T21:48:18 IST" name="Suite" finished-at="2024-02-18T21:50:42 IST" duration-ms="144035">
    <groups>
    </groups>
    <test started-at="2024-02-18T21:48:18 IST" name="Test" finished-at="2024-02-18T21:50:42 IST" duration-ms="144035">
      <class name="com.self.tests.BaseTest">
        <test-method is-config="true" signature="beforeSuite()[pri:0, instance:com.self.tests.BaseTest@26e356f0]" started-at="2024-02-18T21:48:18 IST" name="beforeSuite" finished-at="2024-02-18T21:48:18 IST" duration-ms="10" status="PASS">
          <reporter-output>
          </reporter-output>
        </test-method> <!-- beforeSuite -->
        <test-method is-config="true" signature="afterSuite()[pri:0, instance:com.self.tests.BaseTest@26e356f0]" started-at="2024-02-18T21:50:42 IST" name="afterSuite" finished-at="2024-02-18T21:50:42 IST" duration-ms="1" status="PASS">
          <reporter-output>
          </reporter-output>
        </test-method> <!-- afterSuite -->
      </class> <!-- com.self.tests.BaseTest -->
      <class name="com.self.tests.AdminTest">
        <test-method is-config="true" signature="setUp()[pri:0, instance:com.self.tests.AdminTest@7d4f9aae]" started-at="2024-02-18T21:48:32 IST" name="setUp" finished-at="2024-02-18T21:48:38 IST" duration-ms="6528" status="PASS">
          <reporter-output>
          </reporter-output>
        </test-method> <!-- setUp -->
        <test-method signature="createsEmploymentStatus(java.util.Map)[pri:0, instance:com.self.tests.AdminTest@7d4f9aae]" started-at="2024-02-18T21:48:38 IST" name="createsEmploymentStatus" description="To verify creation of Employment Status" data-provider="getData" finished-at="2024-02-18T21:48:51 IST" duration-ms="13115" status="PASS">
          <params>
            <param index="0">
              <value>
                <![CDATA[{=, testdescription=To verify creation of Employment Status, count=1, employmentStatusName=Permanent Remote Role, testname=createsEmploymentStatus, priority=3, execute=yes, employmentStatusItemName=Employment Status}]]>
              </value>
            </param>
          </params>
          <reporter-output>
          </reporter-output>
        </test-method> <!-- createsEmploymentStatus -->
        <test-method is-config="true" signature="tearDown()[pri:0, instance:com.self.tests.AdminTest@7d4f9aae]" started-at="2024-02-18T21:48:51 IST" name="tearDown" finished-at="2024-02-18T21:48:51 IST" duration-ms="174" status="PASS">
          <reporter-output>
          </reporter-output>
        </test-method> <!-- tearDown -->
        <test-method is-config="true" signature="setUp()[pri:0, instance:com.self.tests.AdminTest@7d4f9aae]" started-at="2024-02-18T21:48:51 IST" name="setUp" finished-at="2024-02-18T21:48:58 IST" duration-ms="6367" status="PASS">
          <reporter-output>
          </reporter-output>
        </test-method> <!-- setUp -->
        <test-method signature="createsJobCategories(java.util.Map)[pri:0, instance:com.self.tests.AdminTest@7d4f9aae]" started-at="2024-02-18T21:48:58 IST" name="createsJobCategories" description="To verify creation of Job Categories" data-provider="getData" finished-at="2024-02-18T21:49:12 IST" duration-ms="14122" status="PASS">
          <params>
            <param index="0">
              <value>
                <![CDATA[{=, jobCategoriesItemName=Job Categories, testdescription=To verify creation of Job Categories, count=1, jobCategoriesName=Tech Engineer, testname=createsJobCategories, priority=4, execute=yes}]]>
              </value>
            </param>
          </params>
          <reporter-output>
          </reporter-output>
        </test-method> <!-- createsJobCategories -->
        <test-method is-config="true" signature="tearDown()[pri:0, instance:com.self.tests.AdminTest@7d4f9aae]" started-at="2024-02-18T21:49:12 IST" name="tearDown" finished-at="2024-02-18T21:49:12 IST" duration-ms="157" status="PASS">
          <reporter-output>
          </reporter-output>
        </test-method> <!-- tearDown -->
        <test-method is-config="true" signature="setUp()[pri:0, instance:com.self.tests.AdminTest@7d4f9aae]" started-at="2024-02-18T21:49:12 IST" name="setUp" finished-at="2024-02-18T21:49:18 IST" duration-ms="5986" status="PASS">
          <reporter-output>
          </reporter-output>
        </test-method> <!-- setUp -->
        <test-method signature="createsJobTitle(java.util.Map)[pri:0, instance:com.self.tests.AdminTest@7d4f9aae]" started-at="2024-02-18T21:49:18 IST" name="createsJobTitle" description="To verify creation of Job Title" data-provider="getData" finished-at="2024-02-18T21:49:33 IST" duration-ms="14686" status="PASS">
          <params>
            <param index="0">
              <value>
                <![CDATA[{=, testdescription=To verify creation of Job Title, jobTitleItemName=Job Titles, jobTitle=SDET, jobNote=Automation, count=1, jobDescription=Automates Web Applications, testname=createsJobTitle, priority=1, execute=yes}]]>
              </value>
            </param>
          </params>
          <reporter-output>
          </reporter-output>
        </test-method> <!-- createsJobTitle -->
        <test-method is-config="true" signature="tearDown()[pri:0, instance:com.self.tests.AdminTest@7d4f9aae]" started-at="2024-02-18T21:49:33 IST" name="tearDown" finished-at="2024-02-18T21:49:33 IST" duration-ms="206" status="PASS">
          <reporter-output>
          </reporter-output>
        </test-method> <!-- tearDown -->
        <test-method is-config="true" signature="setUp()[pri:0, instance:com.self.tests.AdminTest@7d4f9aae]" started-at="2024-02-18T21:49:33 IST" name="setUp" finished-at="2024-02-18T21:49:39 IST" duration-ms="6085" status="PASS">
          <reporter-output>
          </reporter-output>
        </test-method> <!-- setUp -->
        <test-method signature="createsPayGrade(java.util.Map)[pri:0, instance:com.self.tests.AdminTest@7d4f9aae]" started-at="2024-02-18T21:49:39 IST" name="createsPayGrade" description="To verify creation of Pay Grade" data-provider="getData" finished-at="2024-02-18T21:49:53 IST" duration-ms="14287" status="PASS">
          <params>
            <param index="0">
              <value>
                <![CDATA[{=, payGradeItemName=Pay Grades, currencyName=INR - Indian Rupee, payGradeName=Top Level Pay Grade, currencyMaximumSalary=1000000, testdescription=To verify creation of Pay Grade, count=1, currencyMinimumSalary=100000, testname=createsPayGrade, priority=2, execute=yes}]]>
              </value>
            </param>
          </params>
          <reporter-output>
          </reporter-output>
        </test-method> <!-- createsPayGrade -->
        <test-method is-config="true" signature="tearDown()[pri:0, instance:com.self.tests.AdminTest@7d4f9aae]" started-at="2024-02-18T21:49:53 IST" name="tearDown" finished-at="2024-02-18T21:49:53 IST" duration-ms="174" status="PASS">
          <reporter-output>
          </reporter-output>
        </test-method> <!-- tearDown -->
        <test-method is-config="true" signature="setUp()[pri:0, instance:com.self.tests.AdminTest@7d4f9aae]" started-at="2024-02-18T21:49:53 IST" name="setUp" finished-at="2024-02-18T21:50:00 IST" duration-ms="6317" status="PASS">
          <reporter-output>
          </reporter-output>
        </test-method> <!-- setUp -->
        <test-method signature="updatesGeneralInformationData(java.util.Map)[pri:0, instance:com.self.tests.AdminTest@7d4f9aae]" started-at="2024-02-18T21:50:00 IST" name="updatesGeneralInformationData" description="To verify updating of General Information" data-provider="getData" finished-at="2024-02-18T21:50:12 IST" duration-ms="12106" status="PASS">
          <params>
            <param index="0">
              <value>
                <![CDATA[{zip=515001, country=India, notes=Updated General Information , city=Hyderabad, count=1, testname=updatesGeneralInformationData, priority=5, execute=yes, phone=08554241257, registrationNumber=83742974, taxId=24680, testdescription=To verify updating of General Information, addressStreet1=Software Units Layout, addressStreet2=Madhapur, state=Telangana, fax=9001, email=info@OrangeHrm.com}]]>
              </value>
            </param>
          </params>
          <reporter-output>
          </reporter-output>
        </test-method> <!-- updatesGeneralInformationData -->
        <test-method is-config="true" signature="tearDown()[pri:0, instance:com.self.tests.AdminTest@7d4f9aae]" started-at="2024-02-18T21:50:12 IST" name="tearDown" finished-at="2024-02-18T21:50:12 IST" duration-ms="157" status="PASS">
          <reporter-output>
          </reporter-output>
        </test-method> <!-- tearDown -->
      </class> <!-- com.self.tests.AdminTest -->
      <class name="com.self.tests.PIMTest">
        <test-method is-config="true" signature="setUp()[pri:0, instance:com.self.tests.PIMTest@53aac487]" started-at="2024-02-18T21:50:12 IST" name="setUp" finished-at="2024-02-18T21:50:18 IST" duration-ms="5798" status="PASS">
          <reporter-output>
          </reporter-output>
        </test-method> <!-- setUp -->
        <test-method signature="creationOfEmployee(java.util.Map)[pri:0, instance:com.self.tests.PIMTest@53aac487]" started-at="2024-02-18T21:50:18 IST" name="creationOfEmployee" description="To verify creation of new employee" data-provider="getData" finished-at="2024-02-18T21:50:26 IST" duration-ms="8212" status="PASS">
          <params>
            <param index="0">
              <value>
                <![CDATA[{=, firstName=Mahendra, lastName=Dhoni, password=Test@1234567, testdescription=To verify creation of new employee, count=1, middleName=Singh, testname=creationOfEmployee, priority=1, userName=thalamsd, execute=yes}]]>
              </value>
            </param>
          </params>
          <reporter-output>
          </reporter-output>
        </test-method> <!-- creationOfEmployee -->
        <test-method is-config="true" signature="tearDown()[pri:0, instance:com.self.tests.PIMTest@53aac487]" started-at="2024-02-18T21:50:26 IST" name="tearDown" finished-at="2024-02-18T21:50:26 IST" duration-ms="144" status="PASS">
          <reporter-output>
          </reporter-output>
        </test-method> <!-- tearDown -->
        <test-method is-config="true" signature="setUp()[pri:0, instance:com.self.tests.PIMTest@53aac487]" started-at="2024-02-18T21:50:26 IST" name="setUp" finished-at="2024-02-18T21:50:33 IST" duration-ms="6545" status="PASS">
          <reporter-output>
          </reporter-output>
        </test-method> <!-- setUp -->
        <test-method signature="deletionOfEmployeeFromEmployeeList(java.util.Map)[pri:0, instance:com.self.tests.PIMTest@53aac487]" started-at="2024-02-18T21:50:33 IST" name="deletionOfEmployeeFromEmployeeList" description="To verify deletion of employee from employeeList" data-provider="getData" finished-at="2024-02-18T21:50:41 IST" duration-ms="8694" status="PASS">
          <params>
            <param index="0">
              <value>
                <![CDATA[{=, lastName=Dhoni, testdescription=To verify deletion of employee from employeeList, count=1, testname=deletionOfEmployeeFromEmployeeList, priority=2, execute=yes, first&middleName=Mahendra Singh}]]>
              </value>
            </param>
          </params>
          <reporter-output>
          </reporter-output>
        </test-method> <!-- deletionOfEmployeeFromEmployeeList -->
        <test-method is-config="true" signature="tearDown()[pri:0, instance:com.self.tests.PIMTest@53aac487]" started-at="2024-02-18T21:50:41 IST" name="tearDown" finished-at="2024-02-18T21:50:42 IST" duration-ms="769" status="PASS">
          <reporter-output>
          </reporter-output>
        </test-method> <!-- tearDown -->
      </class> <!-- com.self.tests.PIMTest -->
      <class name="com.self.tests.LoginTest">
        <test-method is-config="true" signature="setUp()[pri:0, instance:com.self.tests.LoginTest@506ae4d4]" started-at="2024-02-18T21:48:19 IST" name="setUp" finished-at="2024-02-18T21:48:27 IST" duration-ms="7958" status="PASS">
          <reporter-output>
          </reporter-output>
        </test-method> <!-- setUp -->
        <test-method signature="login(java.util.Map)[pri:0, instance:com.self.tests.LoginTest@506ae4d4]" started-at="2024-02-18T21:48:27 IST" name="login" description="To Test Login" data-provider="getData" finished-at="2024-02-18T21:48:31 IST" duration-ms="4371" status="PASS">
          <params>
            <param index="0">
              <value>
                <![CDATA[{=, testdescription=To Test Login, count=1, testname=login, priority=1, execute=yes}]]>
              </value>
            </param>
          </params>
          <reporter-output>
          </reporter-output>
        </test-method> <!-- login -->
        <test-method is-config="true" signature="tearDown()[pri:0, instance:com.self.tests.LoginTest@506ae4d4]" started-at="2024-02-18T21:48:31 IST" name="tearDown" finished-at="2024-02-18T21:48:32 IST" duration-ms="209" status="PASS">
          <reporter-output>
          </reporter-output>
        </test-method> <!-- tearDown -->
      </class> <!-- com.self.tests.LoginTest -->
    </test> <!-- Test -->
  </suite> <!-- Suite -->
</testng-results>
