<?xml version="1.0" encoding="UTF-8"?>
<testng-results ignored="6" total="8" passed="2" failed="0" skipped="0">
  <reporter-output>
  </reporter-output>
  <suite started-at="2024-01-28T22:15:01 IST" name="Suite" finished-at="2024-01-28T22:15:53 IST" duration-ms="51965">
    <groups>
    </groups>
    <test started-at="2024-01-28T22:15:01 IST" name="Test" finished-at="2024-01-28T22:15:53 IST" duration-ms="51965">
      <class name="com.self.tests.BaseTest">
        <test-method is-config="true" signature="beforeSuite()[pri:0, instance:com.self.tests.BaseTest@26e356f0]" started-at="2024-01-28T22:15:01 IST" name="beforeSuite" finished-at="2024-01-28T22:15:01 IST" duration-ms="10" status="PASS">
          <reporter-output>
          </reporter-output>
        </test-method> <!-- beforeSuite -->
        <test-method is-config="true" signature="afterSuite()[pri:0, instance:com.self.tests.BaseTest@26e356f0]" started-at="2024-01-28T22:15:53 IST" name="afterSuite" finished-at="2024-01-28T22:15:53 IST" duration-ms="1" status="PASS">
          <reporter-output>
          </reporter-output>
        </test-method> <!-- afterSuite -->
      </class> <!-- com.self.tests.BaseTest -->
      <class name="com.self.tests.PIMTest">
        <test-method is-config="true" signature="setUp()[pri:0, instance:com.self.tests.PIMTest@53aac487]" started-at="2024-01-28T22:15:02 IST" name="setUp" finished-at="2024-01-28T22:15:27 IST" duration-ms="24656" status="PASS">
          <reporter-output>
          </reporter-output>
        </test-method> <!-- setUp -->
        <test-method signature="creationOfEmployee(java.util.Map)[pri:0, instance:com.self.tests.PIMTest@53aac487]" started-at="2024-01-28T22:15:27 IST" name="creationOfEmployee" description="To verify creation of new employee" data-provider="getData" finished-at="2024-01-28T22:15:37 IST" duration-ms="9892" status="PASS">
          <params>
            <param index="0">
              <value>
                <![CDATA[{=, firstName=Mahendra, lastName=Dhoni, password=Test@1234567, testdescription=To verify creation of new employee, count=1, middleName=Singh, testname=creationOfEmployee, priority=1, userName=thalamsd, execute=yes}]]>
              </value>
            </param>
          </params>
          <reporter-output>
          </reporter-output>
        </test-method> <!-- creationOfEmployee -->
        <test-method is-config="true" signature="tearDown()[pri:0, instance:com.self.tests.PIMTest@53aac487]" started-at="2024-01-28T22:15:37 IST" name="tearDown" finished-at="2024-01-28T22:15:37 IST" duration-ms="367" status="PASS">
          <reporter-output>
          </reporter-output>
        </test-method> <!-- tearDown -->
        <test-method is-config="true" signature="setUp()[pri:0, instance:com.self.tests.PIMTest@53aac487]" started-at="2024-01-28T22:15:37 IST" name="setUp" finished-at="2024-01-28T22:15:46 IST" duration-ms="8658" status="PASS">
          <reporter-output>
          </reporter-output>
        </test-method> <!-- setUp -->
        <test-method signature="deletionOfEmployeeFromEmployeeList(java.util.Map)[pri:0, instance:com.self.tests.PIMTest@53aac487]" started-at="2024-01-28T22:15:46 IST" name="deletionOfEmployeeFromEmployeeList" description="To verify deletion of employee from employeeList" data-provider="getData" finished-at="2024-01-28T22:15:53 IST" duration-ms="7050" status="PASS">
          <params>
            <param index="0">
              <value>
                <![CDATA[{=, lastName=Dhoni, testdescription=To verify deletion of employee from employeeList, count=1, testname=deletionOfEmployeeFromEmployeeList, priority=2, execute=yes, first&middleName=Mahendra Singh}]]>
              </value>
            </param>
          </params>
          <reporter-output>
          </reporter-output>
        </test-method> <!-- deletionOfEmployeeFromEmployeeList -->
        <test-method is-config="true" signature="tearDown()[pri:0, instance:com.self.tests.PIMTest@53aac487]" started-at="2024-01-28T22:15:53 IST" name="tearDown" finished-at="2024-01-28T22:15:53 IST" duration-ms="176" status="PASS">
          <reporter-output>
          </reporter-output>
        </test-method> <!-- tearDown -->
      </class> <!-- com.self.tests.PIMTest -->
    </test> <!-- Test -->
  </suite> <!-- Suite -->
</testng-results>
