<?xml version="1.0" encoding="UTF-8"?>
<!-- Generated by org.testng.reporters.JUnitXMLReporter -->
<testsuite ignored="6" hostname="RAHUL" failures="0" tests="8" name="Test" time="144.035" errors="0" timestamp="2024-02-18T21:50:42 IST">
  <testcase classname="com.self.tests.LoginTest" name="login" time="4.371"/>
  <testcase classname="com.self.tests.AdminTest" name="createsEmploymentStatus" time="13.115"/>
  <testcase classname="com.self.tests.AdminTest" name="createsJobCategories" time="14.122"/>
  <testcase classname="com.self.tests.AdminTest" name="createsJobTitle" time="14.686"/>
  <testcase classname="com.self.tests.AdminTest" name="createsPayGrade" time="14.287"/>
  <testcase classname="com.self.tests.AdminTest" name="updatesGeneralInformationData" time="12.106"/>
  <testcase classname="com.self.tests.PIMTest" name="creationOfEmployee" time="8.212"/>
  <testcase classname="com.self.tests.PIMTest" name="deletionOfEmployeeFromEmployeeList" time="8.694"/>
  <testcase classname="com.self.tests.BaseTest" name="@BeforeSuite beforeSuite" time="0.0">
    <ignored/>
  </testcase> <!-- @BeforeSuite beforeSuite -->
  <testcase classname="com.self.tests.BaseTest" name="@BeforeSuite beforeSuite" time="0.0">
    <ignored/>
  </testcase> <!-- @BeforeSuite beforeSuite -->
  <testcase classname="com.self.tests.BaseTest" name="@BeforeSuite beforeSuite" time="0.0">
    <ignored/>
  </testcase> <!-- @BeforeSuite beforeSuite -->
  <testcase classname="com.self.tests.BaseTest" name="@AfterSuite afterSuite" time="0.0">
    <ignored/>
  </testcase> <!-- @AfterSuite afterSuite -->
  <testcase classname="com.self.tests.BaseTest" name="@AfterSuite afterSuite" time="0.0">
    <ignored/>
  </testcase> <!-- @AfterSuite afterSuite -->
  <testcase classname="com.self.tests.BaseTest" name="@AfterSuite afterSuite" time="0.0">
    <ignored/>
  </testcase> <!-- @AfterSuite afterSuite -->
</testsuite> <!-- Test -->
